Traceback (most recent call last):
  File "/mnt/data/ml_eval_project/make_report.py", line 224, in <module>
    main()
  File "/mnt/data/ml_eval_project/make_report.py", line 219, in main
    build_report(OUT_DIR / "results_long.csv", pdf_out)
  File "/mnt/data/ml_eval_project/make_report.py", line 89, in build_report
    df = pd.read_csv(results_csv)
         ^^^^^^^^^^^^^^^^^^^^^^^^
  File "/opt/pyvenv/lib/python3.11/site-packages/pandas/io/parsers/readers.py", line 1026, in read_csv
    return _read(filepath_or_buffer, kwds)
           ^^^^^^^^^^^^^^^^^^^^^^^^^^^^^^^
  File "/opt/pyvenv/lib/python3.11/site-packages/pandas/io/parsers/readers.py", line 620, in _read
    parser = TextFileReader(filepath_or_buffer, **kwds)
             ^^^^^^^^^^^^^^^^^^^^^^^^^^^^^^^^^^^^^^^^^^
  File "/opt/pyvenv/lib/python3.11/site-packages/pandas/io/parsers/readers.py", line 1620, in __init__
    self._engine = self._make_engine(f, self.engine)
                   ^^^^^^^^^^^^^^^^^^^^^^^^^^^^^^^^^
  File "/opt/pyvenv/lib/python3.11/site-packages/pandas/io/parsers/readers.py", line 1880, in _make_engine
    self.handles = get_handle(
                   ^^^^^^^^^^^
  File "/opt/pyvenv/lib/python3.11/site-packages/pandas/io/common.py", line 873, in get_handle
    handle = open(
             ^^^^^
FileNotFoundError: [Errno 2] No such file or directory: '/mnt/data/ml_eval_project/outputs/results_long.csv'
